- Pascal-FC for IBM PC compatibles - 
- Compiler Version jc-0.9.40

G L Davies  &  A Burns, University of Bradford
J C Coppens, Universidad Católica de Córdoba

Compiler listing

    1     0 program function_example;
    2     0 
    3     0 var x,y: integer;
    4     0 
    5     0 function ejemplo(x,y: integer):integer;
    6     0 
    7     0 var z : integer;
    8     0 
    9     0 begin
   10     0     ejemplo:=x+y
   11     2 end;
   12     6 
   13     6 begin
   14     6     x:=4;
   15     9     y:=5;
   16    12     writeln(x,' ',y);
   17    19     x:=ejemplo(x,y);
   18    25     writeln(x);
   19    28 end.


Symbol table

     link   object      type          ref  normal  lvl  adr  aux  name

 56    55   procedure   notyp           2    TRUE    0    6    0  _main
 57     0   variable    synch           0    TRUE    1    5    0  any
 58    57   variable    integer         0    TRUE    1    5    0  x
 59    58   variable    integer         0    TRUE    1    6    0  y
 60    59   function    integer         3    TRUE    1    0    0  ejemplo
 61     0   variable    integer         0    TRUE    2    5    0  x
 62    61   variable    integer         0    TRUE    2    6    0  y
 63    62   variable    integer         0    TRUE    2    7    0  z

Generated P-code

    0     ldadr        2         0 ; 9
    1     ldval.i      2         5 ; 10
    2     ldval.i      2         6 ; 10
    3     add  .i      0         0 ; 10
    4     store.i      0         0 ; 10
    5     retfn.i      0         0 ; 10
    6     ldadr        1         5 ; 13
    7     ldcon.i      0         4 ; 14
    8     store.i      0         0 ; 14
    9     ldadr        1         6 ; 14
   10     ldcon.i      0         5 ; 15
   11     store.i      0         0 ; 15
   12     ldval.i      1         5 ; 16
   13     wrval.i      0         0 ; 16
   14     ldcon.c      0        32 ; 16
   15     wrval.c      0         0 ; 16
   16     ldval.i      1         6 ; 16
   17     wrval.i      0         0 ; 16
   18     wrlin        0         0 ; 16
   19     ldadr        1         5 ; 16
   20     mrkst        0        60 ; 17
   21     ldval.i      1         5 ; 17
   22     ldval.i      1         6 ; 17
   23     calls        0         6 ; 17
   24     store.i      0         0 ; 17
   25     ldval.i      1         5 ; 18
   26     wrval.i      0         0 ; 18
   27     wrlin        0         0 ; 18
   28     stop         0         0 ; 18
