- Pascal-FC for IBM PC compatibles - 
- Compiler Version jc-0.9.40

G L Davies  &  A Burns, University of Bradford
J C Coppens, Universidad Católica de Córdoba

Compiler listing

    1     0 program mnt_prod_cons;
    2     0 
    3     0 monitor prodcons;
    4     0 export actuaProductor, actuaConsumidor;
    5     0 
    6     0 type contenedor= array [0..4] of integer;
    7     0 
    8     0 var
    9     0     colocar,sacar: condition;
   10     0     buffer: contenedor;
   11     0     ncons: integer;
   12     0 
   13     0 procedure actuaProductor(pos: integer);
   14     0 begin
   15     0     if buffer[pos]=4 then delay(colocar);
   16     9     buffer[pos]:= (Random(4) + 1) mod 4;
   17    19     writeln('Productor coloco objetos en estante ',pos);
   18    24     sleep(10);
   19    26     resume(sacar);
   20    28 end;
   21    29 
   22    29 procedure actuaConsumidor(pos,i: integer);
   23    29 begin
   24    29     if buffer[pos]>0 then
   25    36     begin
   26    36         resume(colocar);
   27    38         delay(sacar);
   28    40         buffer[pos]:= buffer[pos] -1;
   29    50         writeln('Consumidor ',i,' saco elemento');
   30    57         sleep(10);
   31    59     end else begin
   32    60         writeln('Consumidor ',i,' no encontro lo que buscaba y se va');
   33    67         sleep(10);
   34    69         resume(colocar);
   35    71     end;
   36    71 end;
   37    72 
   38    72 begin
   39    73     ncons:=0;
   40    76 end;
   41    77 
   42    77 process type procProd;
   43    77 var pos: integer;
   44    77 begin
   45    77     pos:=0;
   46    80     repeat
   47    80         prodcons.actuaProductor(pos);
   48    86         pos:=(Random(4) + 1) mod 4;
   49    94     forever;
   50    95 end;
   51    96 
   52    96 process type procCons(i: integer);
   53    96 var pos: integer;
   54    96 begin
   55    96     pos:=0;
   56    99     repeat
   57    99         prodcons.actuaConsumidor(pos,i);
   58   106         pos:=(Random(4) + 1) mod 4;
   59   114     forever;
   60   115 end;
   61   116 
   62   116 var
   63   116     prd: procProd;
   64   116     cns: array [1..10] of procCons;
   65   116     i: integer;
   66   116 
   67   116 begin
   68   117     Randomize;
   69   118     cobegin;
   70   119         prd;
   71   123         for i := 1 to 10 do
   72   127             cns[i](i);
   73   135     coend;
   74   136 end.


Symbol table

     link   object      type          ref  normal  lvl  adr  aux  name

 56    55   procedure   notyp           2    TRUE    0  116    0  _main
 57     0   variable    synch           0    TRUE    1    5    0  any
 58    57   variable    monvar          3    TRUE    1    5   72  prodcons
 59     0   type id     array           1   FALSE    2    5    0  contenedor
 60    59   variable    condvar         0    TRUE    1    7    0  colocar
 61    60   variable    condvar         0    TRUE    1    8    0  sacar
 62    61   variable    array           1    TRUE    1    9    0  buffer
 63    62   variable    integer         0    TRUE    1   14    0  ncons
 64    63   monproc     notyp           4    TRUE    2    0    0  actuaproductor
 65     0   variable    integer         0    TRUE    3    5    0  pos
 66    64   monproc     notyp           5    TRUE    2   29    0  actuaconsumidor
 67     0   variable    integer         0    TRUE    3    5    0  pos
 68    67   variable    integer         0    TRUE    3    6    0  i
 69    58   type id     process         6    TRUE    1   77    0  procprod
 70     0   variable    integer         0    TRUE    2    5    0  pos
 71    69   type id     process         7    TRUE    1   96    0  proccons
 72     0   variable    integer         0    TRUE    2    5    0  i
 73    72   variable    integer         0    TRUE    2    6    0  pos
 74    71   variable    process         6    TRUE    1   15    0  prd
 75    74   variable    array           2    TRUE    1   16    0  cns
 76    75   variable    integer         0    TRUE    1   26    0  i

Generated P-code

    0     ldadr        1         9 ; 15
    1     ldval.i      3         5 ; 15
    2     ixary.i      0         1 ; 15
    3     repad.i      0         0 ; 15
    4     ldcon.i      0         4 ; 15
    5     releq.i      0         0 ; 15
    6     jmpiz        0         9 ; 15
    7     ldadr        1         7 ; 15
    8     delay        0         0 ; 15
    9     ldadr        1         9 ; 15
   10     ldval.i      3         5 ; 16
   11     ixary.i      0         1 ; 16
   12     ldcon.i      0         4 ; 16
   13     stfun.i      0        19 ; 16
   14     ldcon.i      0         1 ; 16
   15     add  .i      0         0 ; 16
   16     ldcon.i      0         4 ; 16
   17     modop.i      0         0 ; 16
   18     store.i      0         0 ; 16
   19     ldcon.i      0        36 ; 17
   20     wrstr        0         0 ; 17
   21     ldval.i      3         5 ; 17
   22     wrval.i      0         0 ; 17
   23     wrlin        0         0 ; 17
   24     ldcon.i      0        10 ; 18
   25     sleap        0         0 ; 18
   26     ldadr        1         8 ; 19
   27     resum        0         0 ; 19
   28     rproc        0         0 ; 19
   29     ldadr        1         9 ; 24
   30     ldval.i      3         5 ; 24
   31     ixary.i      0         1 ; 24
   32     repad.i      0         0 ; 24
   33     ldcon.i      0         0 ; 24
   34     relgt.i      0         0 ; 24
   35     jmpiz        0        60 ; 24
   36     ldadr        1         7 ; 26
   37     resum        0         0 ; 26
   38     ldadr        1         8 ; 27
   39     delay        0         0 ; 27
   40     ldadr        1         9 ; 27
   41     ldval.i      3         5 ; 28
   42     ixary.i      0         1 ; 28
   43     ldadr        1         9 ; 28
   44     ldval.i      3         5 ; 28
   45     ixary.i      0         1 ; 28
   46     repad.i      0         0 ; 28
   47     ldcon.i      0         1 ; 28
   48     sub  .i      0         0 ; 28
   49     store.i      0         0 ; 28
   50     ldcon.i      0        11 ; 29
   51     wrstr        0        36 ; 29
   52     ldval.i      3         6 ; 29
   53     wrval.i      0         0 ; 29
   54     ldcon.i      0        14 ; 29
   55     wrstr        0        47 ; 29
   56     wrlin        0         0 ; 29
   57     ldcon.i      0        10 ; 30
   58     sleap        0         0 ; 30
   59     jmp          0        71 ; 31
   60     ldcon.i      0        11 ; 32
   61     wrstr        0        61 ; 32
   62     ldval.i      3         6 ; 32
   63     wrval.i      0         0 ; 32
   64     ldcon.i      0        35 ; 32
   65     wrstr        0        72 ; 32
   66     wrlin        0         0 ; 32
   67     ldcon.i      0        10 ; 33
   68     sleap        0         0 ; 33
   69     ldadr        1         7 ; 34
   70     resum        0         0 ; 34
   71     rproc        0         0 ; 35
   72     prsel        0         0 ; 36
   73     ldadr        1        14 ; 38
   74     ldcon.i      0         0 ; 39
   75     store.i      0         0 ; 39
   76     mretn        0         0 ; 39
   77     ldadr        2         5 ; 44
   78     ldcon.i      0         0 ; 45
   79     store.i      0         0 ; 45
   80     ldadr        1         5 ; 47
   81     enmon        0         0 ; 47
   82     mrkst        0        64 ; 47
   83     ldval.i      2         5 ; 47
   84     calls        0         5 ; 47
   85     exmon        0         0 ; 47
   86     ldadr        2         5 ; 47
   87     ldcon.i      0         4 ; 48
   88     stfun.i      0        19 ; 48
   89     ldcon.i      0         1 ; 48
   90     add  .i      0         0 ; 48
   91     ldcon.i      0         4 ; 48
   92     modop.i      0         0 ; 48
   93     store.i      0         0 ; 48
   94     jmp          0        80 ; 48
   95     rproc        1         0 ; 49
   96     ldadr        2         6 ; 54
   97     ldcon.i      0         0 ; 55
   98     store.i      0         0 ; 55
   99     ldadr        1         5 ; 57
  100     enmon        0         0 ; 57
  101     mrkst        0        66 ; 57
  102     ldval.i      2         6 ; 57
  103     ldval.i      2         5 ; 57
  104     calls        0         6 ; 57
  105     exmon        0         0 ; 57
  106     ldadr        2         6 ; 57
  107     ldcon.i      0         4 ; 58
  108     stfun.i      0        19 ; 58
  109     ldcon.i      0         1 ; 58
  110     add  .i      0         0 ; 58
  111     ldcon.i      0         4 ; 58
  112     modop.i      0         0 ; 58
  113     store.i      0         0 ; 58
  114     jmp          0        99 ; 58
  115     rproc        1         0 ; 59
  116     mexec        0        73 ; 65
  117     rndmiz        0         0 ; 67
  118     cobeg        0         0 ; 68
  119     mrkst        1        69 ; 69
  120     ldadr        1        15 ; 69
  121     procv        0         0 ; 69
  122     calls        1         4 ; 69
  123     ldadr        1        26 ; 70
  124     ldcon.i      0         1 ; 71
  125     ldcon.i      0        10 ; 71
  126     for1u.i      0       135 ; 71
  127     mrkst        1        71 ; 71
  128     ldadr        1        16 ; 71
  129     ldval.i      1        26 ; 72
  130     ixary.i      0         2 ; 72
  131     procv        0         0 ; 72
  132     ldval.i      1        26 ; 72
  133     calls        1         5 ; 72
  134     for2u.i      0       127 ; 72
  135     coend        0         0 ; 72
  136     stop         0         0 ; 73
