- Pascal-FC for IBM PC compatibles - 
- Compiler Version jc-0.9.40

G L Davies  &  A Burns, University of Bradford
J C Coppens, Universidad Católica de Córdoba

Compiler listing

    1     0 program mnt_barbero;
    2     0 
    3     0 monitor barberia;
    4     0 export operaBarbero, salaDeSillas;
    5     0 
    6     0 var
    7     0     silla, espera: condition;
    8     0     nClienteMax: integer;
    9     0     ncliente: integer;
   10     0     atendidos:integer;
   11     0 
   12     0 procedure operaBarbero;
   13     0 begin
   14     0     if ncliente=0 then delay(silla);
   15     6     writeln('Barbero atiende a cliente');
   16     9     ncliente:= ncliente - 1;
   17    14     sleep(10);
   18    16     resume(espera);
   19    18 end;
   20    19 
   21    19 procedure salaDeSillas(i: integer);
   22    19 begin
   23    19     if nClienteMax > ncliente then
   24    23     begin
   25    23         ncliente:= ncliente + 1;
   26    28         writeln('Llega cliente ',i,' y se sienta a esperar');
   27    35         resume(silla);
   28    37         delay(espera);
   29    39         sleep(10);
   30    41         writeln('Cliente ',i,' atendido se va');
   31    48     end else begin
   32    49         writeln('Esta lleno y cliente ',i,' se va.');
   33    56         sleep(10);
   34    58         resume(silla);
   35    60     end; 
   36    60 end;
   37    61 
   38    61 begin
   39    62     nClienteMax:=10;
   40    65     ncliente:=0;
   41    68 end;
   42    69 
   43    69 process type initBarbero;
   44    69 begin
   45    69     repeat
   46    69         barberia.operaBarbero;
   47    74     forever;
   48    75 end;
   49    76 
   50    76 process type initSillas(i: integer);
   51    76 var control:integer;
   52    76 begin
   53    76     repeat
   54    76         barberia.salaDeSillas(i);
   55    82         control:=Random(3);
   56    86     until control=1;
   57    90 end;
   58    91 
   59    91 var
   60    91     brb: initBarbero;
   61    91     clt: array [1..30] of initSillas;
   62    91     i: integer;
   63    91 
   64    91 begin
   65    92     Randomize;
   66    93     cobegin;
   67    94         brb;
   68    98         for i := 1 to 30 do
   69   102             clt[i](i);
   70   110     coend;
   71   111 end.


Symbol table

     link   object      type          ref  normal  lvl  adr  aux  name

 56    55   procedure   notyp           2    TRUE    0   91    0  _main
 57     0   variable    synch           0    TRUE    1    5    0  any
 58    57   variable    monvar          3    TRUE    1    5   61  barberia
 59     0   variable    condvar         0    TRUE    1    7    0  silla
 60    59   variable    condvar         0    TRUE    1    8    0  espera
 61    60   variable    integer         0    TRUE    1    9    0  nclientemax
 62    61   variable    integer         0    TRUE    1   10    0  ncliente
 63    62   variable    integer         0    TRUE    1   11    0  atendidos
 64    63   monproc     notyp           4    TRUE    2    0    0  operabarbero
 65    64   monproc     notyp           5    TRUE    2   19    0  saladesillas
 66     0   variable    integer         0    TRUE    3    5    0  i
 67    58   type id     process         6    TRUE    1   69    0  initbarbero
 68    67   type id     process         7    TRUE    1   76    0  initsillas
 69     0   variable    integer         0    TRUE    2    5    0  i
 70    69   variable    integer         0    TRUE    2    6    0  control
 71    68   variable    process         6    TRUE    1   12    0  brb
 72    71   variable    array           1    TRUE    1   13    0  clt
 73    72   variable    integer         0    TRUE    1   43    0  i

Generated P-code

    0     ldval.i      1        10 ; 14
    1     ldcon.i      0         0 ; 14
    2     releq.i      0         0 ; 14
    3     jmpiz        0         6 ; 14
    4     ldadr        1         7 ; 14
    5     delay        0         0 ; 14
    6     ldcon.i      0        25 ; 15
    7     wrstr        0         0 ; 15
    8     wrlin        0         0 ; 15
    9     ldadr        1        10 ; 15
   10     ldval.i      1        10 ; 16
   11     ldcon.i      0         1 ; 16
   12     sub  .i      0         0 ; 16
   13     store.i      0         0 ; 16
   14     ldcon.i      0        10 ; 17
   15     sleap        0         0 ; 17
   16     ldadr        1         8 ; 18
   17     resum        0         0 ; 18
   18     rproc        0         0 ; 18
   19     ldval.i      1         9 ; 23
   20     ldval.i      1        10 ; 23
   21     relgt.i      0         0 ; 23
   22     jmpiz        0        49 ; 23
   23     ldadr        1        10 ; 24
   24     ldval.i      1        10 ; 25
   25     ldcon.i      0         1 ; 25
   26     add  .i      0         0 ; 25
   27     store.i      0         0 ; 25
   28     ldcon.i      0        14 ; 26
   29     wrstr        0        25 ; 26
   30     ldval.i      3         5 ; 26
   31     wrval.i      0         0 ; 26
   32     ldcon.i      0        22 ; 26
   33     wrstr        0        39 ; 26
   34     wrlin        0         0 ; 26
   35     ldadr        1         7 ; 27
   36     resum        0         0 ; 27
   37     ldadr        1         8 ; 28
   38     delay        0         0 ; 28
   39     ldcon.i      0        10 ; 29
   40     sleap        0         0 ; 29
   41     ldcon.i      0         8 ; 30
   42     wrstr        0        61 ; 30
   43     ldval.i      3         5 ; 30
   44     wrval.i      0         0 ; 30
   45     ldcon.i      0        15 ; 30
   46     wrstr        0        69 ; 30
   47     wrlin        0         0 ; 30
   48     jmp          0        60 ; 31
   49     ldcon.i      0        21 ; 32
   50     wrstr        0        84 ; 32
   51     ldval.i      3         5 ; 32
   52     wrval.i      0         0 ; 32
   53     ldcon.i      0         7 ; 32
   54     wrstr        0       105 ; 32
   55     wrlin        0         0 ; 32
   56     ldcon.i      0        10 ; 33
   57     sleap        0         0 ; 33
   58     ldadr        1         7 ; 34
   59     resum        0         0 ; 34
   60     rproc        0         0 ; 35
   61     prsel        0         0 ; 36
   62     ldadr        1         9 ; 38
   63     ldcon.i      0        10 ; 39
   64     store.i      0         0 ; 39
   65     ldadr        1        10 ; 39
   66     ldcon.i      0         0 ; 40
   67     store.i      0         0 ; 40
   68     mretn        0         0 ; 40
   69     ldadr        1         5 ; 46
   70     enmon        0         0 ; 46
   71     mrkst        0        64 ; 46
   72     calls        0         4 ; 46
   73     exmon        0         0 ; 46
   74     jmp          0        69 ; 46
   75     rproc        1         0 ; 47
   76     ldadr        1         5 ; 54
   77     enmon        0         0 ; 54
   78     mrkst        0        65 ; 54
   79     ldval.i      2         5 ; 54
   80     calls        0         5 ; 54
   81     exmon        0         0 ; 54
   82     ldadr        2         6 ; 54
   83     ldcon.i      0         3 ; 55
   84     stfun.i      0        19 ; 55
   85     store.i      0         0 ; 55
   86     ldval.i      2         6 ; 56
   87     ldcon.i      0         1 ; 56
   88     releq.i      0         0 ; 56
   89     jmpiz        0        76 ; 56
   90     rproc        1         0 ; 56
   91     mexec        0        62 ; 62
   92     rndmiz        0         0 ; 64
   93     cobeg        0         0 ; 65
   94     mrkst        1        67 ; 66
   95     ldadr        1        12 ; 66
   96     procv        0         0 ; 66
   97     calls        1         4 ; 66
   98     ldadr        1        43 ; 67
   99     ldcon.i      0         1 ; 68
  100     ldcon.i      0        30 ; 68
  101     for1u.i      0       110 ; 68
  102     mrkst        1        68 ; 68
  103     ldadr        1        13 ; 68
  104     ldval.i      1        43 ; 69
  105     ixary.i      0         1 ; 69
  106     procv        0         0 ; 69
  107     ldval.i      1        43 ; 69
  108     calls        1         5 ; 69
  109     for2u.i      0       102 ; 69
  110     coend        0         0 ; 69
  111     stop         0         0 ; 70
