- Pascal-FC for IBM PC compatibles - 
- Compiler Version jc-0.9.40

G L Davies  &  A Burns, University of Bradford
J C Coppens, Universidad Católica de Córdoba

Compiler listing

    1     0 program smf_prod_cons;
    2     0 
    3     0 type contenedor = array [0..4] of integer;
    4     0 
    5     0 var
    6     0     buffer: contenedor;
    7     0     vacio: semaphore;
    8     0     elementos: semaphore;
    9     0     x: integer;
   10     0     listos: integer;
   11     0 
   12     0 process type productor;
   13     0 var
   14     0     posicionP, i: integer;
   15     0 
   16     0 begin
   17     0     while true do 
   18     2     begin
   19     2         wait(vacio);
   20     4         if buffer[posicionP] < 4 then
   21    11         begin
   22    11             buffer[posicionP] := Random(4) + 1;
   23    19             writeln('productor repuso producto en estante ',posicionP);
   24    24         end else begin
   25    25             writeln('productor no repuso producto en estante ', posicionP);
   26    30         end;
   27    30         posicionP := (posicionP + 1) mod 4;
   28    37         signal(elementos);
   29    39     end;
   30    40 end;
   31    41 
   32    41 process type consumidor;
   33    41 var
   34    41     posicionC, i, listo: integer;
   35    41 
   36    41 begin
   37    41     listo := 0;
   38    44     while listo<>1 do 
   39    48     begin
   40    48         posicionC:=0;
   41    51         wait(elementos);
   42    53         if buffer[posicionC] > 0 then
   43    60         begin
   44    60             buffer[posicionC] := buffer[posicionC] - 1;
   45    70             writeln('consumidor saco producto en estante ',posicionC);
   46    75             listo:= Random(4);
   47    79             if listo=1 then
   48    83                 listos:= listos + 1;
   49    88         end else begin
   50    89             writeln('consumidor no encontro producto en estante ', posicionC);
   51    94         end;
   52    94         posicionC := (posicionC + 1) mod 4;
   53   101         signal(vacio);
   54   103     end;
   55   104 end;
   56   105 
   57   105 var
   58   105     prc: productor;
   59   105     cons: array [1..5] of consumidor;
   60   105 
   61   105 begin
   62   105     Randomize;
   63   106     initial(vacio,0);
   64   110     initial(elementos,4);
   65   114     cobegin
   66   115         prc;
   67   119         for x:=1 to 5 do 
   68   123             cons[x];
   69   130     coend;
   70   131 end.


Symbol table

     link   object      type          ref  normal  lvl  adr  aux  name

 56    55   procedure   notyp           2    TRUE    0  105    0  _main
 57     0   variable    synch           0    TRUE    1    5    0  any
 58    57   type id     array           1   FALSE    1    5    0  contenedor
 59    58   variable    array           1    TRUE    1    5    0  buffer
 60    59   variable    semaphore       0    TRUE    1   10    0  vacio
 61    60   variable    semaphore       0    TRUE    1   11    0  elementos
 62    61   variable    integer         0    TRUE    1   12    0  x
 63    62   variable    integer         0    TRUE    1   13    0  listos
 64    63   type id     process         3    TRUE    1    0    0  productor
 65     0   variable    integer         0    TRUE    2    5    0  posicionp
 66    65   variable    integer         0    TRUE    2    6    0  i
 67    64   type id     process         4    TRUE    1   41    0  consumidor
 68     0   variable    integer         0    TRUE    2    5    0  posicionc
 69    68   variable    integer         0    TRUE    2    6    0  i
 70    69   variable    integer         0    TRUE    2    7    0  listo
 71    67   variable    process         3    TRUE    1   14    0  prc
 72    71   variable    array           2    TRUE    1   15    0  cons

Generated P-code

    0     ldcon.b      0         1 ; 17
    1     jmpiz        0        40 ; 17
    2     ldadr        1        10 ; 19
    3     wait         0         0 ; 19
    4     ldadr        1         5 ; 20
    5     ldval.i      2         5 ; 20
    6     ixary.i      0         1 ; 20
    7     repad.i      0         0 ; 20
    8     ldcon.i      0         4 ; 20
    9     rellt.i      0         0 ; 20
   10     jmpiz        0        25 ; 20
   11     ldadr        1         5 ; 21
   12     ldval.i      2         5 ; 22
   13     ixary.i      0         1 ; 22
   14     ldcon.i      0         4 ; 22
   15     stfun.i      0        19 ; 22
   16     ldcon.i      0         1 ; 22
   17     add  .i      0         0 ; 22
   18     store.i      0         0 ; 22
   19     ldcon.i      0        37 ; 23
   20     wrstr        0         0 ; 23
   21     ldval.i      2         5 ; 23
   22     wrval.i      0         0 ; 23
   23     wrlin        0         0 ; 23
   24     jmp          0        30 ; 24
   25     ldcon.i      0        40 ; 25
   26     wrstr        0        37 ; 25
   27     ldval.i      2         5 ; 25
   28     wrval.i      0         0 ; 25
   29     wrlin        0         0 ; 25
   30     ldadr        2         5 ; 26
   31     ldval.i      2         5 ; 27
   32     ldcon.i      0         1 ; 27
   33     add  .i      0         0 ; 27
   34     ldcon.i      0         4 ; 27
   35     modop.i      0         0 ; 27
   36     store.i      0         0 ; 27
   37     ldadr        1        11 ; 28
   38     signl        0         0 ; 28
   39     jmp          0         0 ; 28
   40     rproc        1         0 ; 29
   41     ldadr        2         7 ; 36
   42     ldcon.i      0         0 ; 37
   43     store.i      0         0 ; 37
   44     ldval.i      2         7 ; 38
   45     ldcon.i      0         1 ; 38
   46     relne.i      0         0 ; 38
   47     jmpiz        0       104 ; 38
   48     ldadr        2         5 ; 39
   49     ldcon.i      0         0 ; 40
   50     store.i      0         0 ; 40
   51     ldadr        1        11 ; 41
   52     wait         0         0 ; 41
   53     ldadr        1         5 ; 42
   54     ldval.i      2         5 ; 42
   55     ixary.i      0         1 ; 42
   56     repad.i      0         0 ; 42
   57     ldcon.i      0         0 ; 42
   58     relgt.i      0         0 ; 42
   59     jmpiz        0        89 ; 42
   60     ldadr        1         5 ; 43
   61     ldval.i      2         5 ; 44
   62     ixary.i      0         1 ; 44
   63     ldadr        1         5 ; 44
   64     ldval.i      2         5 ; 44
   65     ixary.i      0         1 ; 44
   66     repad.i      0         0 ; 44
   67     ldcon.i      0         1 ; 44
   68     sub  .i      0         0 ; 44
   69     store.i      0         0 ; 44
   70     ldcon.i      0        36 ; 45
   71     wrstr        0        77 ; 45
   72     ldval.i      2         5 ; 45
   73     wrval.i      0         0 ; 45
   74     wrlin        0         0 ; 45
   75     ldadr        2         7 ; 45
   76     ldcon.i      0         4 ; 46
   77     stfun.i      0        19 ; 46
   78     store.i      0         0 ; 46
   79     ldval.i      2         7 ; 47
   80     ldcon.i      0         1 ; 47
   81     releq.i      0         0 ; 47
   82     jmpiz        0        88 ; 47
   83     ldadr        1        13 ; 47
   84     ldval.i      1        13 ; 48
   85     ldcon.i      0         1 ; 48
   86     add  .i      0         0 ; 48
   87     store.i      0         0 ; 48
   88     jmp          0        94 ; 49
   89     ldcon.i      0        43 ; 50
   90     wrstr        0       113 ; 50
   91     ldval.i      2         5 ; 50
   92     wrval.i      0         0 ; 50
   93     wrlin        0         0 ; 50
   94     ldadr        2         5 ; 51
   95     ldval.i      2         5 ; 52
   96     ldcon.i      0         1 ; 52
   97     add  .i      0         0 ; 52
   98     ldcon.i      0         4 ; 52
   99     modop.i      0         0 ; 52
  100     store.i      0         0 ; 52
  101     ldadr        1        10 ; 53
  102     signl        0         0 ; 53
  103     jmp          0        44 ; 53
  104     rproc        1         0 ; 54
  105     rndmiz        0         0 ; 61
  106     ldadr        1        10 ; 63
  107     ldcon.i      0         0 ; 63
  108     lobnd.i      0         0 ; 63
  109     sinit        0         0 ; 63
  110     ldadr        1        11 ; 64
  111     ldcon.i      0         4 ; 64
  112     lobnd.i      0         0 ; 64
  113     sinit        0         0 ; 64
  114     cobeg        0         0 ; 64
  115     mrkst        1        64 ; 65
  116     ldadr        1        14 ; 65
  117     procv        0         0 ; 65
  118     calls        1         4 ; 65
  119     ldadr        1        12 ; 66
  120     ldcon.i      0         1 ; 67
  121     ldcon.i      0         5 ; 67
  122     for1u.i      0       130 ; 67
  123     mrkst        1        67 ; 67
  124     ldadr        1        15 ; 67
  125     ldval.i      1        12 ; 68
  126     ixary.i      0         2 ; 68
  127     procv        0         0 ; 68
  128     calls        1         4 ; 68
  129     for2u.i      0       123 ; 68
  130     coend        0         0 ; 68
  131     stop         0         0 ; 69
