- Pascal-FC for IBM PC compatibles - 
- Compiler Version jc-0.9.40

G L Davies  &  A Burns, University of Bradford
J C Coppens, Universidad Católica de Córdoba

Compiler listing

    1     0 program smp_filosofos;
    2     0 
    3     0 var
    4     0     listoComer, sillaParaFilosofo, filosofoSeSienta : semaphore;
    5     0     sillasMesa: integer;
    6     0 
    7     0 process type usarTenedor;
    8     0 begin
    9     0     while true do
   10     2     begin
   11     2         sleep(10);
   12     4         wait(filosofoSeSienta);
   13     6         wait(sillaParaFilosofo);
   14     8         sillasMesa:= sillasMesa +1;
   15    13         signal(listoComer);
   16    15         signal(sillaParaFilosofo);
   17    17         writeln('Filosofo se va a servir');
   18    20         sleep(10);
   19    22 
   20    22     end;
   21    23     
   22    23 end;
   23    24     
   24    24 process type filosofo;
   25    24 var satisfecho: integer;
   26    24 begin
   27    24     satisfecho:=0;
   28    27     while satisfecho<>1 do
   29    31     begin
   30    31         sleep(10);
   31    33         wait(sillaParaFilosofo);
   32    35         if sillasMesa > 0 then
   33    39             begin
   34    39                 writeln('Llega filosofo y se sienta');
   35    42                 sillasMesa:= sillasMesa - 1;
   36    47                 signal(filosofoSeSienta);
   37    49                 signal(sillaParaFilosofo);
   38    51                 writeln('Filosofo se va sentar en silla');
   39    54                 wait(listoComer);
   40    56                 writeln('Filosofo esta comiendo');
   41    59                 sleep(10);
   42    61                 writeln('Filosofo termino de comer y se va');
   43    64                 satisfecho:=1;
   44    67                 sleep(10);
   45    69             end
   46    69         else begin
   47    70                 signal(sillaParaFilosofo);
   48    72                 writeln('Filosofo no encontro asiento esperara');
   49    75                 sleep(10);
   50    77             end;
   51    77     end;
   52    78 end;
   53    79 
   54    79 var
   55    79     fil : array [1..15] of filosofo;
   56    79     tnd : array [1..5] of usarTenedor;
   57    79     i,n : integer;        
   58    79 
   59    79 begin
   60    79     Randomize;
   61    80     sillasMesa:=5;
   62    83     initial(listoComer,0);
   63    87     initial(sillaParaFilosofo,1);
   64    91     initial(filosofoSeSienta,0);
   65    95 
   66    95     cobegin;
   67    96         for i := 1 to 15 do
   68   100             begin
   69   100                 if i < 6 then
   70   104                     tnd[i];
   71   110                 fil[i];
   72   116             end;
   73   117             
   74   117     coend;
   75   118 
   76   118 end.


Symbol table

     link   object      type          ref  normal  lvl  adr  aux  name

 56    55   procedure   notyp           2    TRUE    0   79    0  _main
 57     0   variable    synch           0    TRUE    1    5    0  any
 58    57   variable    semaphore       0    TRUE    1    5    0  listocomer
 59    58   variable    semaphore       0    TRUE    1    6    0  sillaparafilosofo
 60    59   variable    semaphore       0    TRUE    1    7    0  filosofosesienta
 61    60   variable    integer         0    TRUE    1    8    0  sillasmesa
 62    61   type id     process         3    TRUE    1    0    0  usartenedor
 63    62   type id     process         4    TRUE    1   24    0  filosofo
 64     0   variable    integer         0    TRUE    2    5    0  satisfecho
 65    63   variable    array           1    TRUE    1    9    0  fil
 66    65   variable    array           2    TRUE    1   24    0  tnd
 67    66   variable    integer         0    TRUE    1   29    0  i
 68    67   variable    integer         0    TRUE    1   30    0  n

Generated P-code

    0     ldcon.b      0         1 ; 9
    1     jmpiz        0        23 ; 9
    2     ldcon.i      0        10 ; 11
    3     sleap        0         0 ; 11
    4     ldadr        1         7 ; 12
    5     wait         0         0 ; 12
    6     ldadr        1         6 ; 13
    7     wait         0         0 ; 13
    8     ldadr        1         8 ; 13
    9     ldval.i      1         8 ; 14
   10     ldcon.i      0         1 ; 14
   11     add  .i      0         0 ; 14
   12     store.i      0         0 ; 14
   13     ldadr        1         5 ; 15
   14     signl        0         0 ; 15
   15     ldadr        1         6 ; 16
   16     signl        0         0 ; 16
   17     ldcon.i      0        23 ; 17
   18     wrstr        0         0 ; 17
   19     wrlin        0         0 ; 17
   20     ldcon.i      0        10 ; 18
   21     sleap        0         0 ; 18
   22     jmp          0         0 ; 18
   23     rproc        1         0 ; 20
   24     ldadr        2         5 ; 26
   25     ldcon.i      0         0 ; 27
   26     store.i      0         0 ; 27
   27     ldval.i      2         5 ; 28
   28     ldcon.i      0         1 ; 28
   29     relne.i      0         0 ; 28
   30     jmpiz        0        78 ; 28
   31     ldcon.i      0        10 ; 30
   32     sleap        0         0 ; 30
   33     ldadr        1         6 ; 31
   34     wait         0         0 ; 31
   35     ldval.i      1         8 ; 32
   36     ldcon.i      0         0 ; 32
   37     relgt.i      0         0 ; 32
   38     jmpiz        0        70 ; 32
   39     ldcon.i      0        26 ; 34
   40     wrstr        0        23 ; 34
   41     wrlin        0         0 ; 34
   42     ldadr        1         8 ; 34
   43     ldval.i      1         8 ; 35
   44     ldcon.i      0         1 ; 35
   45     sub  .i      0         0 ; 35
   46     store.i      0         0 ; 35
   47     ldadr        1         7 ; 36
   48     signl        0         0 ; 36
   49     ldadr        1         6 ; 37
   50     signl        0         0 ; 37
   51     ldcon.i      0        30 ; 38
   52     wrstr        0        49 ; 38
   53     wrlin        0         0 ; 38
   54     ldadr        1         5 ; 39
   55     wait         0         0 ; 39
   56     ldcon.i      0        22 ; 40
   57     wrstr        0        79 ; 40
   58     wrlin        0         0 ; 40
   59     ldcon.i      0        10 ; 41
   60     sleap        0         0 ; 41
   61     ldcon.i      0        33 ; 42
   62     wrstr        0       101 ; 42
   63     wrlin        0         0 ; 42
   64     ldadr        2         5 ; 42
   65     ldcon.i      0         1 ; 43
   66     store.i      0         0 ; 43
   67     ldcon.i      0        10 ; 44
   68     sleap        0         0 ; 44
   69     jmp          0        77 ; 45
   70     ldadr        1         6 ; 47
   71     signl        0         0 ; 47
   72     ldcon.i      0        37 ; 48
   73     wrstr        0       134 ; 48
   74     wrlin        0         0 ; 48
   75     ldcon.i      0        10 ; 49
   76     sleap        0         0 ; 49
   77     jmp          0        27 ; 50
   78     rproc        1         0 ; 51
   79     rndmiz        0         0 ; 59
   80     ldadr        1         8 ; 60
   81     ldcon.i      0         5 ; 61
   82     store.i      0         0 ; 61
   83     ldadr        1         5 ; 62
   84     ldcon.i      0         0 ; 62
   85     lobnd.i      0         0 ; 62
   86     sinit        0         0 ; 62
   87     ldadr        1         6 ; 63
   88     ldcon.i      0         1 ; 63
   89     lobnd.i      0         0 ; 63
   90     sinit        0         0 ; 63
   91     ldadr        1         7 ; 64
   92     ldcon.i      0         0 ; 64
   93     lobnd.i      0         0 ; 64
   94     sinit        0         0 ; 64
   95     cobeg        0         0 ; 64
   96     ldadr        1        29 ; 66
   97     ldcon.i      0         1 ; 67
   98     ldcon.i      0        15 ; 67
   99     for1u.i      0       117 ; 67
  100     ldval.i      1        29 ; 69
  101     ldcon.i      0         6 ; 69
  102     rellt.i      0         0 ; 69
  103     jmpiz        0       110 ; 69
  104     mrkst        1        62 ; 69
  105     ldadr        1        24 ; 69
  106     ldval.i      1        29 ; 70
  107     ixary.i      0         2 ; 70
  108     procv        0         0 ; 70
  109     calls        1         4 ; 70
  110     mrkst        1        63 ; 70
  111     ldadr        1         9 ; 70
  112     ldval.i      1        29 ; 71
  113     ixary.i      0         1 ; 71
  114     procv        0         0 ; 71
  115     calls        1         4 ; 71
  116     for2u.i      0       100 ; 71
  117     coend        0         0 ; 72
  118     stop         0         0 ; 74
